

Microchip MPLAB XC8 Assembler V3.10 build 20250813170317 
                                                                                                           Thu Mar  5 00:17:25 2026


     1                           	processor	12F675
     2                           	pagewidth 132
     3                           	psect	code,global,class=CODE,space=0,delta=2
     4                           	psect	powerup,global,class=CODE,space=0,delta=2
     5                           	psect	reset_vec,global,class=CODE,space=0,delta=2
     6                           	psect	maintext,global,class=CODE,space=0,delta=2
     7                           	psect	osccal,global,class=CODE,space=0,delta=2
     8                           	psect	eeprom_data,global,class=EEDATA,space=3,delta=2,noexec
     9                           	psect	intentry,global,class=CODE,space=0,delta=2
    10                           	psect	sivt,global,class=CODE,space=0,delta=2
    11                           	psect	functab,global,class=ENTRY,space=0,delta=2
    12                           	psect	init,global,class=CODE,space=0,delta=2
    13                           	psect	cinit,global,class=CODE,space=0,delta=2
    14                           	psect	text,global,class=CODE,space=0,delta=2
    15                           	psect	end_init,global,class=CODE,space=0,delta=2
    16                           	psect	clrtext,global,class=CODE,space=0,delta=2
    17                           	psect	strings,global,reloc=256,class=CODE,space=0,delta=2
    18                           	psect	stack,global,class=STACK,space=2,delta=1,noexec
    19                           	psect	heap,global,class=HEAP,space=7,delta=1,noexec
    20                           	psect	bank0,global,class=BANK0,space=1,delta=1
    21                           	psect	bank1,global,class=BANK1,space=1,delta=1
    22                           	psect	ram,global,class=RAM,space=1,delta=1
    23                           	psect	abs1,global,class=ABS1,space=1,delta=1
    24                           	psect	common,global,class=COMMON,space=1,delta=1
    25                           	psect	sfr0,global,class=SFR0,space=1,delta=1
    26                           	psect	sfr1,global,class=SFR1,space=1,delta=1
    27                           
    28                           	psect	reset_vec
    29     0000                     reset_vec:
    30                           
    31                           	psect	maintext
    32                           
    33                           ; Microchip MPLAB XC8 C Compiler V3.10
    34                           ; Copyright (C) 2025 Microchip Technology Inc.
    35                           ; Auto-generated runtime startup code for final link stage.
    36                           ;
    37                           ; Compiler options:
    38                           ;
    39                           ; -q --opt=none --chip=12f675 \
    40                           ; --dfp=/Applications/microchip/mplabx/v6.30/packs/Microchip/PIC10-12Fxxx_DFP/1.8.184/xc8 \
    41                           ; main.c -oBreathPacer.elf --objdir=dist --outdir=dist \
    42                           ; -L--fixupoverflow=error --std=c99 --rors --icl=auto --callgraph=none \
    43                           ; --warn=-3 --errformat=%f:%l:%c: error: (%n) %s \
    44                           ; --warnformat=%f:%l:%c: warning: (%n) %s \
    45                           ; --msgformat=%f:%l:%c: advisory: (%n) %s
    46                           ;
    47     0000                     C               set	0
    48     0002                     Z               set	2
    49     0002                     PCL             set	2
    50     0000                     INDF            set	0
    51     0090                     OSCCAL          equ	144
    52                           
    53                           	psect	osccal
    54     03FF                     ___osccal_val:
    55                           
    56                           ;oscillator constant would be pre-programmed here
    57     0003                     STATUS          equ	3
    58     000A                     PCLATH          equ	10
    59                           
    60                           	psect	functab
    61     0000                     intlevel0:
    62     0000                     intlevel1:
    63     0000                     intlevel2:
    64     0000                     intlevel3:
    65     0000                     intlevel4:
    66     0000                     intlevel5:
    67                           
    68                           	psect	init
    69     0000                     start:
    70                           
    71                           	psect	end_init
    72     0000  1683               	bsf	3,5	;select bank 1
    73     0001  23FF               	fcall	___osccal_val
    74     0002  0090               	movwf	16
    75     0003  1283               	bcf	3,5	;select bank 0
    76     0004  2BFB               	ljmp	start_initialization	;jump to C runtime clear & initialization
    77                           
    78                           	psect	clrtext
    79     0004                     FSR             set	4
    80                           
    81                           	psect	strings
    82     0000                     ___stacklo      equ	0
    83     0000                     ___stackhi      equ	0
    84                           
    85                           	psect	stack
    86     07FE                     ___sp:
    87     07FE                     ___int_sp:
    88     07FE                     ___stack_lo:
    89     07FE                     ___stack_hi:
    90     07FE                     ___int_stack_lo:
    91     07FE                     ___int_stack_hi:
    92                           
    93                           	psect	heap
    94                           
    95                           ; No powerup routine
    96                           ; No interrupt routine(s)
    97                           ; No heap to be allocated
    98     0000                     ___heap_lo      equ	0
    99     0000                     ___heap_hi      equ	0


Microchip Technology PIC Macro Assembler V3.10 build 20250813170317 
Symbol Table                                                                                               Thu Mar  5 00:17:25 2026

               ___sp 07FE                 _main 0389                 start 0000                STATUS 0003  
       ___osccal_val 03FF           ___stack_hi 07FE           ___stack_lo 07FE       ___int_stack_hi 07FE  
     ___int_stack_lo 07FE  start_initialization 03FB            ___heap_hi 0000            ___heap_lo 0000  
          ___stackhi 0000            ___stacklo 0000             ___int_sp 07FE             intlevel0 0000  
           intlevel1 0000             intlevel2 0000             intlevel3 0000             intlevel4 0000  
           intlevel5 0000             reset_vec 0000  
